2023-07-01 18:53:44.516 [main] [DEBUG] io.netty.util.internal.logging.InternalLoggerFactory - Using Log4J2 as the default logging framework
2023-07-01 18:53:44.519 [main] [DEBUG] io.netty.util.ResourceLeakDetector - -Dio.netty.leakDetection.level: simple
2023-07-01 18:53:44.519 [main] [DEBUG] io.netty.util.ResourceLeakDetector - -Dio.netty.leakDetection.targetRecords: 4
2023-07-01 18:53:44.521 [main] [DEBUG] io.netty.util.ResourceLeakDetectorFactory - Loaded default ResourceLeakDetector: io.netty.util.ResourceLeakDetector@77049094
2023-07-01 18:53:44.528 [main] [DEBUG] io.netty.util.internal.PlatformDependent0 - -Dio.netty.noUnsafe: false
2023-07-01 18:53:44.528 [main] [DEBUG] io.netty.util.internal.PlatformDependent0 - Java version: 19
2023-07-01 18:53:44.529 [main] [DEBUG] io.netty.util.internal.PlatformDependent0 - sun.misc.Unsafe.theUnsafe: available
2023-07-01 18:53:44.532 [main] [DEBUG] io.netty.util.internal.PlatformDependent0 - sun.misc.Unsafe.copyMemory: available
2023-07-01 18:53:44.532 [main] [DEBUG] io.netty.util.internal.PlatformDependent0 - sun.misc.Unsafe.storeFence: available
2023-07-01 18:53:44.533 [main] [DEBUG] io.netty.util.internal.PlatformDependent0 - java.nio.Buffer.address: available
2023-07-01 18:53:44.533 [main] [DEBUG] io.netty.util.internal.PlatformDependent0 - direct buffer constructor: unavailable
java.lang.UnsupportedOperationException: Reflective setAccessible(true) disabled
	at io.netty.util.internal.ReflectionUtil.trySetAccessible(ReflectionUtil.java:31) ~[netty-common-4.1.91.Final.jar:4.1.91.Final]
	at io.netty.util.internal.PlatformDependent0$5.run(PlatformDependent0.java:288) ~[netty-common-4.1.91.Final.jar:4.1.91.Final]
	at java.security.AccessController.doPrivileged(AccessController.java:318) ~[?:?]
	at io.netty.util.internal.PlatformDependent0.<clinit>(PlatformDependent0.java:282) ~[netty-common-4.1.91.Final.jar:4.1.91.Final]
	at io.netty.util.internal.PlatformDependent.isAndroid(PlatformDependent.java:333) ~[netty-common-4.1.91.Final.jar:4.1.91.Final]
	at io.netty.util.internal.PlatformDependent.<clinit>(PlatformDependent.java:88) ~[netty-common-4.1.91.Final.jar:4.1.91.Final]
	at io.netty.util.HashedWheelTimer.<init>(HashedWheelTimer.java:114) ~[netty-common-4.1.91.Final.jar:4.1.91.Final]
	at io.netty.util.HashedWheelTimer.<init>(HashedWheelTimer.java:251) ~[netty-common-4.1.91.Final.jar:4.1.91.Final]
	at io.netty.util.HashedWheelTimer.<init>(HashedWheelTimer.java:224) ~[netty-common-4.1.91.Final.jar:4.1.91.Final]
	at io.netty.util.HashedWheelTimer.<init>(HashedWheelTimer.java:203) ~[netty-common-4.1.91.Final.jar:4.1.91.Final]
	at org.asynchttpclient.DefaultAsyncHttpClient.newNettyTimer(DefaultAsyncHttpClient.java:111) ~[async-http-client-2.12.3.jar:?]
	at org.asynchttpclient.DefaultAsyncHttpClient.<init>(DefaultAsyncHttpClient.java:90) ~[async-http-client-2.12.3.jar:?]
	at org.asynchttpclient.Dsl.asyncHttpClient(Dsl.java:32) ~[async-http-client-2.12.3.jar:?]
	at org.openqa.selenium.remote.http.netty.NettyClient.createHttpClient(NettyClient.java:94) ~[selenium-remote-driver-4.9.1.jar:?]
	at org.openqa.selenium.remote.http.netty.NettyClient.<clinit>(NettyClient.java:47) ~[selenium-remote-driver-4.9.1.jar:?]
	at org.openqa.selenium.remote.http.netty.NettyClient$Factory.createClient(NettyClient.java:135) ~[selenium-remote-driver-4.9.1.jar:?]
	at org.openqa.selenium.remote.HttpCommandExecutor.<init>(HttpCommandExecutor.java:116) ~[selenium-remote-driver-4.9.1.jar:?]
	at org.openqa.selenium.remote.HttpCommandExecutor.<init>(HttpCommandExecutor.java:94) ~[selenium-remote-driver-4.9.1.jar:?]
	at org.openqa.selenium.remote.service.DriverCommandExecutor.<init>(DriverCommandExecutor.java:88) ~[selenium-remote-driver-4.9.1.jar:?]
	at org.openqa.selenium.chromium.ChromiumDriverCommandExecutor.<init>(ChromiumDriverCommandExecutor.java:40) ~[selenium-chromium-driver-4.9.1.jar:?]
	at org.openqa.selenium.chrome.ChromeDriver$ChromeDriverCommandExecutor.<init>(ChromeDriver.java:111) ~[selenium-chrome-driver-4.9.1.jar:?]
	at org.openqa.selenium.chrome.ChromeDriver.generateExecutor(ChromeDriver.java:101) ~[selenium-chrome-driver-4.9.1.jar:?]
	at org.openqa.selenium.chrome.ChromeDriver.<init>(ChromeDriver.java:88) ~[selenium-chrome-driver-4.9.1.jar:?]
	at org.openqa.selenium.chrome.ChromeDriver.<init>(ChromeDriver.java:84) ~[selenium-chrome-driver-4.9.1.jar:?]
	at org.openqa.selenium.chrome.ChromeDriver.<init>(ChromeDriver.java:73) ~[selenium-chrome-driver-4.9.1.jar:?]
	at org.qa.automationengine.ApplicationSetup.startBrowser(ApplicationSetup.java:48) ~[classes/:?]
	at org.qa.automationengine.ApplicationSetup.init(ApplicationSetup.java:27) ~[classes/:?]
	at org.qa.apphooks.ApplicationHooks.launchBrowser(ApplicationHooks.java:15) ~[test-classes/:?]
	at jdk.internal.reflect.DirectMethodHandleAccessor.invoke(DirectMethodHandleAccessor.java:104) ~[?:?]
	at java.lang.reflect.Method.invoke(Method.java:578) ~[?:?]
	at io.cucumber.java.Invoker.doInvoke(Invoker.java:66) ~[cucumber-java-7.12.0.jar:7.12.0]
	at io.cucumber.java.Invoker.invoke(Invoker.java:24) ~[cucumber-java-7.12.0.jar:7.12.0]
	at io.cucumber.java.AbstractGlueDefinition.invokeMethod(AbstractGlueDefinition.java:47) ~[cucumber-java-7.12.0.jar:7.12.0]
	at io.cucumber.java.JavaHookDefinition.execute(JavaHookDefinition.java:64) ~[cucumber-java-7.12.0.jar:7.12.0]
	at io.cucumber.core.runner.CoreHookDefinition.execute(CoreHookDefinition.java:46) ~[cucumber-core-7.12.0.jar:7.12.0]
	at io.cucumber.core.runner.HookDefinitionMatch.runStep(HookDefinitionMatch.java:21) ~[cucumber-core-7.12.0.jar:7.12.0]
	at io.cucumber.core.runner.ExecutionMode$1.execute(ExecutionMode.java:10) ~[cucumber-core-7.12.0.jar:7.12.0]
	at io.cucumber.core.runner.TestStep.executeStep(TestStep.java:84) ~[cucumber-core-7.12.0.jar:7.12.0]
	at io.cucumber.core.runner.TestStep.run(TestStep.java:56) ~[cucumber-core-7.12.0.jar:7.12.0]
	at io.cucumber.core.runner.TestCase.run(TestCase.java:78) ~[cucumber-core-7.12.0.jar:7.12.0]
	at io.cucumber.core.runner.Runner.runPickle(Runner.java:75) ~[cucumber-core-7.12.0.jar:7.12.0]
	at io.cucumber.testng.TestNGCucumberRunner.lambda$runScenario$1(TestNGCucumberRunner.java:132) ~[cucumber-testng-7.12.0.jar:7.12.0]
	at io.cucumber.core.runtime.CucumberExecutionContext.lambda$runTestCase$5(CucumberExecutionContext.java:137) ~[cucumber-core-7.12.0.jar:7.12.0]
	at io.cucumber.core.runtime.RethrowingThrowableCollector.executeAndThrow(RethrowingThrowableCollector.java:23) ~[cucumber-core-7.12.0.jar:7.12.0]
	at io.cucumber.core.runtime.CucumberExecutionContext.runTestCase(CucumberExecutionContext.java:137) ~[cucumber-core-7.12.0.jar:7.12.0]
	at io.cucumber.testng.TestNGCucumberRunner.runScenario(TestNGCucumberRunner.java:129) ~[cucumber-testng-7.12.0.jar:7.12.0]
	at io.cucumber.testng.AbstractTestNGCucumberTests.runScenario(AbstractTestNGCucumberTests.java:35) ~[cucumber-testng-7.12.0.jar:7.12.0]
	at jdk.internal.reflect.DirectMethodHandleAccessor.invoke(DirectMethodHandleAccessor.java:104) ~[?:?]
	at java.lang.reflect.Method.invoke(Method.java:578) ~[?:?]
	at org.testng.internal.invokers.MethodInvocationHelper.invokeMethod(MethodInvocationHelper.java:139) ~[testng-7.7.1.jar:7.7.1]
	at org.testng.internal.invokers.TestInvoker.invokeMethod(TestInvoker.java:677) ~[testng-7.7.1.jar:7.7.1]
	at org.testng.internal.invokers.TestInvoker.invokeTestMethod(TestInvoker.java:221) ~[testng-7.7.1.jar:7.7.1]
	at org.testng.internal.invokers.MethodRunner.runInSequence(MethodRunner.java:50) ~[testng-7.7.1.jar:7.7.1]
	at org.testng.internal.invokers.TestInvoker$MethodInvocationAgent.invoke(TestInvoker.java:969) ~[testng-7.7.1.jar:7.7.1]
	at org.testng.internal.invokers.TestInvoker.invokeTestMethods(TestInvoker.java:194) ~[testng-7.7.1.jar:7.7.1]
	at org.testng.internal.invokers.TestMethodWorker.invokeTestMethods(TestMethodWorker.java:148) ~[testng-7.7.1.jar:7.7.1]
	at org.testng.internal.invokers.TestMethodWorker.run(TestMethodWorker.java:128) ~[testng-7.7.1.jar:7.7.1]
	at java.util.ArrayList.forEach(ArrayList.java:1511) [?:?]
	at org.testng.TestRunner.privateRun(TestRunner.java:829) [testng-7.7.1.jar:7.7.1]
	at org.testng.TestRunner.run(TestRunner.java:602) [testng-7.7.1.jar:7.7.1]
	at org.testng.SuiteRunner.runTest(SuiteRunner.java:437) [testng-7.7.1.jar:7.7.1]
	at org.testng.SuiteRunner.runSequentially(SuiteRunner.java:431) [testng-7.7.1.jar:7.7.1]
	at org.testng.SuiteRunner.privateRun(SuiteRunner.java:391) [testng-7.7.1.jar:7.7.1]
	at org.testng.SuiteRunner.run(SuiteRunner.java:330) [testng-7.7.1.jar:7.7.1]
	at org.testng.SuiteRunnerWorker.runSuite(SuiteRunnerWorker.java:52) [testng-7.7.1.jar:7.7.1]
	at org.testng.SuiteRunnerWorker.run(SuiteRunnerWorker.java:95) [testng-7.7.1.jar:7.7.1]
	at org.testng.TestNG.runSuitesSequentially(TestNG.java:1256) [testng-7.7.1.jar:7.7.1]
	at org.testng.TestNG.runSuitesLocally(TestNG.java:1176) [testng-7.7.1.jar:7.7.1]
	at org.testng.TestNG.runSuites(TestNG.java:1099) [testng-7.7.1.jar:7.7.1]
	at org.testng.TestNG.run(TestNG.java:1067) [testng-7.7.1.jar:7.7.1]
	at org.apache.maven.surefire.testng.TestNGExecutor.run(TestNGExecutor.java:135) [surefire-testng-2.22.2.jar:2.22.2]
	at org.apache.maven.surefire.testng.TestNGDirectoryTestSuite.executeSingleClass(TestNGDirectoryTestSuite.java:112) [surefire-testng-2.22.2.jar:2.22.2]
	at org.apache.maven.surefire.testng.TestNGDirectoryTestSuite.execute(TestNGDirectoryTestSuite.java:99) [surefire-testng-2.22.2.jar:2.22.2]
	at org.apache.maven.surefire.testng.TestNGProvider.invoke(TestNGProvider.java:146) [surefire-testng-2.22.2.jar:2.22.2]
	at org.apache.maven.surefire.booter.ForkedBooter.invokeProviderInSameClassLoader(ForkedBooter.java:384) [surefire-booter-2.22.2.jar:2.22.2]
	at org.apache.maven.surefire.booter.ForkedBooter.runSuitesInProcess(ForkedBooter.java:345) [surefire-booter-2.22.2.jar:2.22.2]
	at org.apache.maven.surefire.booter.ForkedBooter.execute(ForkedBooter.java:126) [surefire-booter-2.22.2.jar:2.22.2]
	at org.apache.maven.surefire.booter.ForkedBooter.main(ForkedBooter.java:418) [surefire-booter-2.22.2.jar:2.22.2]
2023-07-01 18:53:44.537 [main] [DEBUG] io.netty.util.internal.PlatformDependent0 - java.nio.Bits.unaligned: available, true
2023-07-01 18:53:44.538 [main] [DEBUG] io.netty.util.internal.PlatformDependent0 - jdk.internal.misc.Unsafe.allocateUninitializedArray(int): unavailable
java.lang.IllegalAccessException: class io.netty.util.internal.PlatformDependent0$7 cannot access class jdk.internal.misc.Unsafe (in module java.base) because module java.base does not export jdk.internal.misc to unnamed module @5db54e92
	at jdk.internal.reflect.Reflection.newIllegalAccessException(Reflection.java:420) ~[?:?]
	at java.lang.reflect.AccessibleObject.checkAccess(AccessibleObject.java:709) ~[?:?]
	at java.lang.reflect.Method.invoke(Method.java:569) ~[?:?]
	at io.netty.util.internal.PlatformDependent0$7.run(PlatformDependent0.java:410) ~[netty-common-4.1.91.Final.jar:4.1.91.Final]
	at java.security.AccessController.doPrivileged(AccessController.java:318) ~[?:?]
	at io.netty.util.internal.PlatformDependent0.<clinit>(PlatformDependent0.java:401) ~[netty-common-4.1.91.Final.jar:4.1.91.Final]
	at io.netty.util.internal.PlatformDependent.isAndroid(PlatformDependent.java:333) ~[netty-common-4.1.91.Final.jar:4.1.91.Final]
	at io.netty.util.internal.PlatformDependent.<clinit>(PlatformDependent.java:88) ~[netty-common-4.1.91.Final.jar:4.1.91.Final]
	at io.netty.util.HashedWheelTimer.<init>(HashedWheelTimer.java:114) ~[netty-common-4.1.91.Final.jar:4.1.91.Final]
	at io.netty.util.HashedWheelTimer.<init>(HashedWheelTimer.java:251) ~[netty-common-4.1.91.Final.jar:4.1.91.Final]
	at io.netty.util.HashedWheelTimer.<init>(HashedWheelTimer.java:224) ~[netty-common-4.1.91.Final.jar:4.1.91.Final]
	at io.netty.util.HashedWheelTimer.<init>(HashedWheelTimer.java:203) ~[netty-common-4.1.91.Final.jar:4.1.91.Final]
	at org.asynchttpclient.DefaultAsyncHttpClient.newNettyTimer(DefaultAsyncHttpClient.java:111) ~[async-http-client-2.12.3.jar:?]
	at org.asynchttpclient.DefaultAsyncHttpClient.<init>(DefaultAsyncHttpClient.java:90) ~[async-http-client-2.12.3.jar:?]
	at org.asynchttpclient.Dsl.asyncHttpClient(Dsl.java:32) ~[async-http-client-2.12.3.jar:?]
	at org.openqa.selenium.remote.http.netty.NettyClient.createHttpClient(NettyClient.java:94) ~[selenium-remote-driver-4.9.1.jar:?]
	at org.openqa.selenium.remote.http.netty.NettyClient.<clinit>(NettyClient.java:47) ~[selenium-remote-driver-4.9.1.jar:?]
	at org.openqa.selenium.remote.http.netty.NettyClient$Factory.createClient(NettyClient.java:135) ~[selenium-remote-driver-4.9.1.jar:?]
	at org.openqa.selenium.remote.HttpCommandExecutor.<init>(HttpCommandExecutor.java:116) ~[selenium-remote-driver-4.9.1.jar:?]
	at org.openqa.selenium.remote.HttpCommandExecutor.<init>(HttpCommandExecutor.java:94) ~[selenium-remote-driver-4.9.1.jar:?]
	at org.openqa.selenium.remote.service.DriverCommandExecutor.<init>(DriverCommandExecutor.java:88) ~[selenium-remote-driver-4.9.1.jar:?]
	at org.openqa.selenium.chromium.ChromiumDriverCommandExecutor.<init>(ChromiumDriverCommandExecutor.java:40) ~[selenium-chromium-driver-4.9.1.jar:?]
	at org.openqa.selenium.chrome.ChromeDriver$ChromeDriverCommandExecutor.<init>(ChromeDriver.java:111) ~[selenium-chrome-driver-4.9.1.jar:?]
	at org.openqa.selenium.chrome.ChromeDriver.generateExecutor(ChromeDriver.java:101) ~[selenium-chrome-driver-4.9.1.jar:?]
	at org.openqa.selenium.chrome.ChromeDriver.<init>(ChromeDriver.java:88) ~[selenium-chrome-driver-4.9.1.jar:?]
	at org.openqa.selenium.chrome.ChromeDriver.<init>(ChromeDriver.java:84) ~[selenium-chrome-driver-4.9.1.jar:?]
	at org.openqa.selenium.chrome.ChromeDriver.<init>(ChromeDriver.java:73) ~[selenium-chrome-driver-4.9.1.jar:?]
	at org.qa.automationengine.ApplicationSetup.startBrowser(ApplicationSetup.java:48) ~[classes/:?]
	at org.qa.automationengine.ApplicationSetup.init(ApplicationSetup.java:27) ~[classes/:?]
	at org.qa.apphooks.ApplicationHooks.launchBrowser(ApplicationHooks.java:15) ~[test-classes/:?]
	at jdk.internal.reflect.DirectMethodHandleAccessor.invoke(DirectMethodHandleAccessor.java:104) ~[?:?]
	at java.lang.reflect.Method.invoke(Method.java:578) ~[?:?]
	at io.cucumber.java.Invoker.doInvoke(Invoker.java:66) ~[cucumber-java-7.12.0.jar:7.12.0]
	at io.cucumber.java.Invoker.invoke(Invoker.java:24) ~[cucumber-java-7.12.0.jar:7.12.0]
	at io.cucumber.java.AbstractGlueDefinition.invokeMethod(AbstractGlueDefinition.java:47) ~[cucumber-java-7.12.0.jar:7.12.0]
	at io.cucumber.java.JavaHookDefinition.execute(JavaHookDefinition.java:64) ~[cucumber-java-7.12.0.jar:7.12.0]
	at io.cucumber.core.runner.CoreHookDefinition.execute(CoreHookDefinition.java:46) ~[cucumber-core-7.12.0.jar:7.12.0]
	at io.cucumber.core.runner.HookDefinitionMatch.runStep(HookDefinitionMatch.java:21) ~[cucumber-core-7.12.0.jar:7.12.0]
	at io.cucumber.core.runner.ExecutionMode$1.execute(ExecutionMode.java:10) ~[cucumber-core-7.12.0.jar:7.12.0]
	at io.cucumber.core.runner.TestStep.executeStep(TestStep.java:84) ~[cucumber-core-7.12.0.jar:7.12.0]
	at io.cucumber.core.runner.TestStep.run(TestStep.java:56) ~[cucumber-core-7.12.0.jar:7.12.0]
	at io.cucumber.core.runner.TestCase.run(TestCase.java:78) ~[cucumber-core-7.12.0.jar:7.12.0]
	at io.cucumber.core.runner.Runner.runPickle(Runner.java:75) ~[cucumber-core-7.12.0.jar:7.12.0]
	at io.cucumber.testng.TestNGCucumberRunner.lambda$runScenario$1(TestNGCucumberRunner.java:132) ~[cucumber-testng-7.12.0.jar:7.12.0]
	at io.cucumber.core.runtime.CucumberExecutionContext.lambda$runTestCase$5(CucumberExecutionContext.java:137) ~[cucumber-core-7.12.0.jar:7.12.0]
	at io.cucumber.core.runtime.RethrowingThrowableCollector.executeAndThrow(RethrowingThrowableCollector.java:23) ~[cucumber-core-7.12.0.jar:7.12.0]
	at io.cucumber.core.runtime.CucumberExecutionContext.runTestCase(CucumberExecutionContext.java:137) ~[cucumber-core-7.12.0.jar:7.12.0]
	at io.cucumber.testng.TestNGCucumberRunner.runScenario(TestNGCucumberRunner.java:129) ~[cucumber-testng-7.12.0.jar:7.12.0]
	at io.cucumber.testng.AbstractTestNGCucumberTests.runScenario(AbstractTestNGCucumberTests.java:35) ~[cucumber-testng-7.12.0.jar:7.12.0]
	at jdk.internal.reflect.DirectMethodHandleAccessor.invoke(DirectMethodHandleAccessor.java:104) ~[?:?]
	at java.lang.reflect.Method.invoke(Method.java:578) ~[?:?]
	at org.testng.internal.invokers.MethodInvocationHelper.invokeMethod(MethodInvocationHelper.java:139) ~[testng-7.7.1.jar:7.7.1]
	at org.testng.internal.invokers.TestInvoker.invokeMethod(TestInvoker.java:677) ~[testng-7.7.1.jar:7.7.1]
	at org.testng.internal.invokers.TestInvoker.invokeTestMethod(TestInvoker.java:221) ~[testng-7.7.1.jar:7.7.1]
	at org.testng.internal.invokers.MethodRunner.runInSequence(MethodRunner.java:50) ~[testng-7.7.1.jar:7.7.1]
	at org.testng.internal.invokers.TestInvoker$MethodInvocationAgent.invoke(TestInvoker.java:969) ~[testng-7.7.1.jar:7.7.1]
	at org.testng.internal.invokers.TestInvoker.invokeTestMethods(TestInvoker.java:194) ~[testng-7.7.1.jar:7.7.1]
	at org.testng.internal.invokers.TestMethodWorker.invokeTestMethods(TestMethodWorker.java:148) ~[testng-7.7.1.jar:7.7.1]
	at org.testng.internal.invokers.TestMethodWorker.run(TestMethodWorker.java:128) ~[testng-7.7.1.jar:7.7.1]
	at java.util.ArrayList.forEach(ArrayList.java:1511) [?:?]
	at org.testng.TestRunner.privateRun(TestRunner.java:829) [testng-7.7.1.jar:7.7.1]
	at org.testng.TestRunner.run(TestRunner.java:602) [testng-7.7.1.jar:7.7.1]
	at org.testng.SuiteRunner.runTest(SuiteRunner.java:437) [testng-7.7.1.jar:7.7.1]
	at org.testng.SuiteRunner.runSequentially(SuiteRunner.java:431) [testng-7.7.1.jar:7.7.1]
	at org.testng.SuiteRunner.privateRun(SuiteRunner.java:391) [testng-7.7.1.jar:7.7.1]
	at org.testng.SuiteRunner.run(SuiteRunner.java:330) [testng-7.7.1.jar:7.7.1]
	at org.testng.SuiteRunnerWorker.runSuite(SuiteRunnerWorker.java:52) [testng-7.7.1.jar:7.7.1]
	at org.testng.SuiteRunnerWorker.run(SuiteRunnerWorker.java:95) [testng-7.7.1.jar:7.7.1]
	at org.testng.TestNG.runSuitesSequentially(TestNG.java:1256) [testng-7.7.1.jar:7.7.1]
	at org.testng.TestNG.runSuitesLocally(TestNG.java:1176) [testng-7.7.1.jar:7.7.1]
	at org.testng.TestNG.runSuites(TestNG.java:1099) [testng-7.7.1.jar:7.7.1]
	at org.testng.TestNG.run(TestNG.java:1067) [testng-7.7.1.jar:7.7.1]
	at org.apache.maven.surefire.testng.TestNGExecutor.run(TestNGExecutor.java:135) [surefire-testng-2.22.2.jar:2.22.2]
	at org.apache.maven.surefire.testng.TestNGDirectoryTestSuite.executeSingleClass(TestNGDirectoryTestSuite.java:112) [surefire-testng-2.22.2.jar:2.22.2]
	at org.apache.maven.surefire.testng.TestNGDirectoryTestSuite.execute(TestNGDirectoryTestSuite.java:99) [surefire-testng-2.22.2.jar:2.22.2]
	at org.apache.maven.surefire.testng.TestNGProvider.invoke(TestNGProvider.java:146) [surefire-testng-2.22.2.jar:2.22.2]
	at org.apache.maven.surefire.booter.ForkedBooter.invokeProviderInSameClassLoader(ForkedBooter.java:384) [surefire-booter-2.22.2.jar:2.22.2]
	at org.apache.maven.surefire.booter.ForkedBooter.runSuitesInProcess(ForkedBooter.java:345) [surefire-booter-2.22.2.jar:2.22.2]
	at org.apache.maven.surefire.booter.ForkedBooter.execute(ForkedBooter.java:126) [surefire-booter-2.22.2.jar:2.22.2]
	at org.apache.maven.surefire.booter.ForkedBooter.main(ForkedBooter.java:418) [surefire-booter-2.22.2.jar:2.22.2]
2023-07-01 18:53:44.540 [main] [DEBUG] io.netty.util.internal.PlatformDependent0 - java.nio.DirectByteBuffer.<init>(long, int): unavailable
2023-07-01 18:53:44.540 [main] [DEBUG] io.netty.util.internal.PlatformDependent - sun.misc.Unsafe: available
2023-07-01 18:53:44.541 [main] [DEBUG] io.netty.util.internal.PlatformDependent - maxDirectMemory: 2147483648 bytes (maybe)
2023-07-01 18:53:44.541 [main] [DEBUG] io.netty.util.internal.PlatformDependent - -Dio.netty.tmpdir: /var/folders/j9/_y04yj6d38j1dw72zw2_45z00000gn/T (java.io.tmpdir)
2023-07-01 18:53:44.541 [main] [DEBUG] io.netty.util.internal.PlatformDependent - -Dio.netty.bitMode: 64 (sun.arch.data.model)
2023-07-01 18:53:44.541 [main] [DEBUG] io.netty.util.internal.PlatformDependent - Platform: MacOS
2023-07-01 18:53:44.541 [main] [DEBUG] io.netty.util.internal.PlatformDependent - -Dio.netty.maxDirectMemory: -1 bytes
2023-07-01 18:53:44.541 [main] [DEBUG] io.netty.util.internal.PlatformDependent - -Dio.netty.uninitializedArrayAllocationThreshold: -1
2023-07-01 18:53:44.542 [main] [DEBUG] io.netty.util.internal.CleanerJava9 - java.nio.ByteBuffer.cleaner(): available
2023-07-01 18:53:44.542 [main] [DEBUG] io.netty.util.internal.PlatformDependent - -Dio.netty.noPreferDirect: false
2023-07-01 18:53:44.545 [main] [DEBUG] io.netty.util.internal.PlatformDependent - org.jctools-core.MpscChunkedArrayQueue: available
2023-07-01 18:53:44.554 [main] [DEBUG] io.netty.util.internal.InternalThreadLocalMap - -Dio.netty.threadLocalMap.stringBuilder.initialSize: 1024
2023-07-01 18:53:44.554 [main] [DEBUG] io.netty.util.internal.InternalThreadLocalMap - -Dio.netty.threadLocalMap.stringBuilder.maxSize: 4096
2023-07-01 18:53:44.581 [main] [DEBUG] io.netty.handler.ssl.JdkSslContext - Default protocols (JDK): [TLSv1.3, TLSv1.2] 
2023-07-01 18:53:44.581 [main] [DEBUG] io.netty.handler.ssl.JdkSslContext - Default cipher suites (JDK): [TLS_ECDHE_ECDSA_WITH_AES_256_GCM_SHA384, TLS_ECDHE_ECDSA_WITH_AES_128_GCM_SHA256, TLS_ECDHE_RSA_WITH_AES_128_GCM_SHA256, TLS_ECDHE_RSA_WITH_AES_256_GCM_SHA384, TLS_ECDHE_RSA_WITH_AES_128_CBC_SHA, TLS_ECDHE_RSA_WITH_AES_256_CBC_SHA, TLS_RSA_WITH_AES_128_GCM_SHA256, TLS_RSA_WITH_AES_128_CBC_SHA, TLS_RSA_WITH_AES_256_CBC_SHA, TLS_AES_128_GCM_SHA256, TLS_AES_256_GCM_SHA384]
2023-07-01 18:53:44.586 [main] [DEBUG] io.netty.util.concurrent.GlobalEventExecutor - -Dio.netty.globalEventExecutor.quietPeriodSeconds: 1
2023-07-01 18:53:44.591 [main] [DEBUG] io.netty.channel.MultithreadEventLoopGroup - -Dio.netty.eventLoopThreads: 16
2023-07-01 18:53:44.595 [main] [DEBUG] io.netty.channel.nio.NioEventLoop - -Dio.netty.noKeySetOptimization: false
2023-07-01 18:53:44.595 [main] [DEBUG] io.netty.channel.nio.NioEventLoop - -Dio.netty.selectorAutoRebuildThreshold: 512
2023-07-01 18:53:44.598 [main] [TRACE] io.netty.channel.nio.NioEventLoop - instrumented a special java.util.Set into: sun.nio.ch.KQueueSelectorImpl@5e5aafc6
2023-07-01 18:53:44.598 [main] [TRACE] io.netty.channel.nio.NioEventLoop - instrumented a special java.util.Set into: sun.nio.ch.KQueueSelectorImpl@7ce85af2
2023-07-01 18:53:44.598 [main] [TRACE] io.netty.channel.nio.NioEventLoop - instrumented a special java.util.Set into: sun.nio.ch.KQueueSelectorImpl@316acbb5
2023-07-01 18:53:44.598 [main] [TRACE] io.netty.channel.nio.NioEventLoop - instrumented a special java.util.Set into: sun.nio.ch.KQueueSelectorImpl@56f730b2
2023-07-01 18:53:44.598 [main] [TRACE] io.netty.channel.nio.NioEventLoop - instrumented a special java.util.Set into: sun.nio.ch.KQueueSelectorImpl@47311277
2023-07-01 18:53:44.598 [main] [TRACE] io.netty.channel.nio.NioEventLoop - instrumented a special java.util.Set into: sun.nio.ch.KQueueSelectorImpl@7930ffa9
2023-07-01 18:53:44.598 [main] [TRACE] io.netty.channel.nio.NioEventLoop - instrumented a special java.util.Set into: sun.nio.ch.KQueueSelectorImpl@1e60b459
2023-07-01 18:53:44.599 [main] [TRACE] io.netty.channel.nio.NioEventLoop - instrumented a special java.util.Set into: sun.nio.ch.KQueueSelectorImpl@717d7587
2023-07-01 18:53:44.599 [main] [TRACE] io.netty.channel.nio.NioEventLoop - instrumented a special java.util.Set into: sun.nio.ch.KQueueSelectorImpl@3e906375
2023-07-01 18:53:44.599 [main] [TRACE] io.netty.channel.nio.NioEventLoop - instrumented a special java.util.Set into: sun.nio.ch.KQueueSelectorImpl@40230eb9
2023-07-01 18:53:44.599 [main] [TRACE] io.netty.channel.nio.NioEventLoop - instrumented a special java.util.Set into: sun.nio.ch.KQueueSelectorImpl@5b7aa898
2023-07-01 18:53:44.599 [main] [TRACE] io.netty.channel.nio.NioEventLoop - instrumented a special java.util.Set into: sun.nio.ch.KQueueSelectorImpl@41b13f3d
2023-07-01 18:53:44.599 [main] [TRACE] io.netty.channel.nio.NioEventLoop - instrumented a special java.util.Set into: sun.nio.ch.KQueueSelectorImpl@7c0777b5
2023-07-01 18:53:44.599 [main] [TRACE] io.netty.channel.nio.NioEventLoop - instrumented a special java.util.Set into: sun.nio.ch.KQueueSelectorImpl@2489e84a
2023-07-01 18:53:44.599 [main] [TRACE] io.netty.channel.nio.NioEventLoop - instrumented a special java.util.Set into: sun.nio.ch.KQueueSelectorImpl@2a39aa2b
2023-07-01 18:53:44.599 [main] [TRACE] io.netty.channel.nio.NioEventLoop - instrumented a special java.util.Set into: sun.nio.ch.KQueueSelectorImpl@62b93086
2023-07-01 18:53:44.625 [main] [DEBUG] io.netty.buffer.PooledByteBufAllocator - -Dio.netty.allocator.numHeapArenas: 16
2023-07-01 18:53:44.625 [main] [DEBUG] io.netty.buffer.PooledByteBufAllocator - -Dio.netty.allocator.numDirectArenas: 16
2023-07-01 18:53:44.626 [main] [DEBUG] io.netty.buffer.PooledByteBufAllocator - -Dio.netty.allocator.pageSize: 8192
2023-07-01 18:53:44.626 [main] [DEBUG] io.netty.buffer.PooledByteBufAllocator - -Dio.netty.allocator.maxOrder: 9
2023-07-01 18:53:44.626 [main] [DEBUG] io.netty.buffer.PooledByteBufAllocator - -Dio.netty.allocator.chunkSize: 4194304
2023-07-01 18:53:44.626 [main] [DEBUG] io.netty.buffer.PooledByteBufAllocator - -Dio.netty.allocator.smallCacheSize: 256
2023-07-01 18:53:44.626 [main] [DEBUG] io.netty.buffer.PooledByteBufAllocator - -Dio.netty.allocator.normalCacheSize: 64
2023-07-01 18:53:44.626 [main] [DEBUG] io.netty.buffer.PooledByteBufAllocator - -Dio.netty.allocator.maxCachedBufferCapacity: 32768
2023-07-01 18:53:44.626 [main] [DEBUG] io.netty.buffer.PooledByteBufAllocator - -Dio.netty.allocator.cacheTrimInterval: 8192
2023-07-01 18:53:44.626 [main] [DEBUG] io.netty.buffer.PooledByteBufAllocator - -Dio.netty.allocator.cacheTrimIntervalMillis: 0
2023-07-01 18:53:44.626 [main] [DEBUG] io.netty.buffer.PooledByteBufAllocator - -Dio.netty.allocator.useCacheForAllThreads: false
2023-07-01 18:53:44.626 [main] [DEBUG] io.netty.buffer.PooledByteBufAllocator - -Dio.netty.allocator.maxCachedByteBuffersPerChunk: 1023
2023-07-01 18:53:44.630 [main] [DEBUG] io.netty.buffer.ByteBufUtil - -Dio.netty.allocator.type: pooled
2023-07-01 18:53:44.630 [main] [DEBUG] io.netty.buffer.ByteBufUtil - -Dio.netty.threadLocalDirectBufferSize: 0
2023-07-01 18:53:44.630 [main] [DEBUG] io.netty.buffer.ByteBufUtil - -Dio.netty.maxThreadLocalCharBufferSize: 16384
2023-07-01 18:53:44.776 [Forwarding newSession on session null to remote] [DEBUG] io.netty.channel.DefaultChannelId - -Dio.netty.processId: 2932 (auto-detected)
2023-07-01 18:53:44.777 [Forwarding newSession on session null to remote] [DEBUG] io.netty.util.NetUtil - -Djava.net.preferIPv4Stack: false
2023-07-01 18:53:44.778 [Forwarding newSession on session null to remote] [DEBUG] io.netty.util.NetUtil - -Djava.net.preferIPv6Addresses: false
2023-07-01 18:53:44.779 [Forwarding newSession on session null to remote] [DEBUG] io.netty.util.NetUtilInitializations - Loopback interface: lo0 (lo0, 0:0:0:0:0:0:0:1%lo0)
2023-07-01 18:53:44.780 [Forwarding newSession on session null to remote] [DEBUG] io.netty.util.NetUtil - Failed to get SOMAXCONN from sysctl and file /proc/sys/net/core/somaxconn. Default: 128
2023-07-01 18:53:44.780 [Forwarding newSession on session null to remote] [DEBUG] io.netty.channel.DefaultChannelId - -Dio.netty.machineId: b0:be:83:ff:fe:36:95:b5 (auto-detected)
2023-07-01 18:53:44.796 [AsyncHttpClient-1-2] [DEBUG] io.netty.buffer.AbstractByteBuf - -Dio.netty.buffer.checkAccessible: true
2023-07-01 18:53:44.797 [AsyncHttpClient-1-2] [DEBUG] io.netty.buffer.AbstractByteBuf - -Dio.netty.buffer.checkBounds: true
2023-07-01 18:53:44.797 [AsyncHttpClient-1-2] [DEBUG] io.netty.util.ResourceLeakDetectorFactory - Loaded default ResourceLeakDetector: io.netty.util.ResourceLeakDetector@3d1d5b28
2023-07-01 18:53:44.805 [AsyncHttpClient-1-2] [DEBUG] io.netty.util.Recycler - -Dio.netty.recycler.maxCapacityPerThread: 4096
2023-07-01 18:53:44.805 [AsyncHttpClient-1-2] [DEBUG] io.netty.util.Recycler - -Dio.netty.recycler.ratio: 8
2023-07-01 18:53:44.805 [AsyncHttpClient-1-2] [DEBUG] io.netty.util.Recycler - -Dio.netty.recycler.chunkSize: 32
2023-07-01 18:53:44.805 [AsyncHttpClient-1-2] [DEBUG] io.netty.util.Recycler - -Dio.netty.recycler.blocking: false
2023-07-01 18:53:44.805 [AsyncHttpClient-1-2] [DEBUG] io.netty.util.Recycler - -Dio.netty.recycler.batchFastThreadLocalOnly: true
2023-07-01 18:53:45.658 [AsyncHttpClient-1-2] [DEBUG] io.netty.handler.codec.compression.Brotli - brotli4j not in the classpath; Brotli support will be unavailable.
2023-07-01 18:53:45.720 [main] [DEBUG] io.netty.util.internal.ThreadLocalRandom - -Dio.netty.initialSeedUniquifier: 0x04e52ad7c7f6cc99
2023-07-01 18:53:47.942 [AsyncHttpClient-1-4] [TRACE] io.netty.handler.codec.http.websocketx.WebSocket08FrameEncoder - Encoding WebSocket Frame opCode=8 length=26
2023-07-01 18:54:21.280 [AsyncHttpClient-1-7] [TRACE] io.netty.handler.codec.http.websocketx.WebSocket08FrameEncoder - Encoding WebSocket Frame opCode=8 length=26
2023-07-01 18:54:24.670 [main] [DEBUG] org.qa.utils.CommonMethods - Object is Visible/Enabled: By.id: input-email
2023-07-01 18:54:24.766 [main] [DEBUG] org.qa.utils.CommonMethods - Setting text <allen@gmail.com> in field with locator: By.id: input-email
2023-07-01 18:54:24.787 [main] [DEBUG] org.qa.utils.CommonMethods - Object is Visible/Enabled: By.id: input-password
2023-07-01 18:54:24.831 [main] [DEBUG] org.qa.utils.CommonMethods - Setting text <Test@1234> in field with locator: By.id: input-password
2023-07-01 18:54:24.850 [main] [DEBUG] org.qa.utils.CommonMethods - Object is Visible/Enabled: By.xpath: //input[@value='Login']
2023-07-01 18:54:24.973 [main] [DEBUG] org.qa.utils.CommonMethods - Clicking on element with locator: By.xpath: //input[@value='Login']
2023-07-01 18:54:34.990 [AsyncHttpClient-1-10] [TRACE] io.netty.handler.codec.http.websocketx.WebSocket08FrameEncoder - Encoding WebSocket Frame opCode=8 length=26
2023-07-01 18:54:38.579 [main] [DEBUG] org.qa.utils.CommonMethods - Object is Visible/Enabled: By.id: input-email
2023-07-01 18:54:38.675 [main] [DEBUG] org.qa.utils.CommonMethods - Setting text <allen@gmail.com> in field with locator: By.id: input-email
2023-07-01 18:54:38.696 [main] [DEBUG] org.qa.utils.CommonMethods - Object is Visible/Enabled: By.id: input-password
2023-07-01 18:54:38.741 [main] [DEBUG] org.qa.utils.CommonMethods - Setting text <Test@1234> in field with locator: By.id: input-password
2023-07-01 18:54:38.759 [main] [DEBUG] org.qa.utils.CommonMethods - Object is Visible/Enabled: By.xpath: //input[@value='Login']
2023-07-01 18:54:38.891 [main] [DEBUG] org.qa.utils.CommonMethods - Clicking on element with locator: By.xpath: //input[@value='Login']
2023-07-01 18:54:48.915 [AsyncHttpClient-1-13] [TRACE] io.netty.handler.codec.http.websocketx.WebSocket08FrameEncoder - Encoding WebSocket Frame opCode=8 length=26
2023-07-01 18:54:51.919 [main] [DEBUG] org.qa.utils.CommonMethods - Object is Visible/Enabled: By.id: input-email
2023-07-01 18:54:52.022 [main] [DEBUG] org.qa.utils.CommonMethods - Setting text <allen@gmail.com> in field with locator: By.id: input-email
2023-07-01 18:54:52.045 [main] [DEBUG] org.qa.utils.CommonMethods - Object is Visible/Enabled: By.id: input-password
2023-07-01 18:54:52.091 [main] [DEBUG] org.qa.utils.CommonMethods - Setting text <Test@1234> in field with locator: By.id: input-password
2023-07-01 18:54:52.110 [main] [DEBUG] org.qa.utils.CommonMethods - Object is Visible/Enabled: By.xpath: //input[@value='Login']
2023-07-01 18:54:52.237 [main] [DEBUG] org.qa.utils.CommonMethods - Clicking on element with locator: By.xpath: //input[@value='Login']
2023-07-01 18:55:02.316 [AsyncHttpClient-1-16] [TRACE] io.netty.handler.codec.http.websocketx.WebSocket08FrameEncoder - Encoding WebSocket Frame opCode=8 length=26
